Arguments: 
  /Users/jinchenhao/.nvm/versions/node/v8.0.0/bin/node /Users/jinchenhao/.yarn/bin/yarn.js

PATH: 
  /Users/jinchenhao/.yarn/bin:/Users/jinchenhao/.config/yarn/global/node_modules/.bin:/usr/local/bin:/usr/bin:/bin:/usr/sbin:/sbin:/usr/local/go/bin:/usr/local/MacGPG2/bin:/Users/jinchenhao/.yarn/bin:/Users/jinchenhao/.config/yarn/global/node_modules/.bin:/Users/jinchenhao/.nvm/versions/node/v8.0.0/bin

Yarn version: 
  1.5.1

Node version: 
  8.0.0

Platform: 
  darwin x64

npm manifest: 
  {
      "name": "ipa.js",
      "version": "3.3.0",
      "description": "IPA interface manager",
      "main": "./dist/ipa.js",
      "types": "./ipa.d.ts",
      "scripts": {
          "build": "rollup -c",
          "test": "rollup -c; mocha test/index.js",
          "script": "rollup -c; node test/script.js",
          "pure-test": "mocha test/index.js"
      },
      "repository": {
          "type": "git",
          "url": "git+https://github.com/pierrejacques/IPA.js.git"
      },
      "author": "pierrejacques",
      "license": "MIT",
      "bugs": {
          "url": "https://github.com/pierrejacques/IPA.js/issues"
      },
      "homepage": "https://github.com/pierrejacques/IPA.js#readme",
      "devDependencies": {
          "@types/lodash": "^4.14.110",
          "chai": "^4.1.2",
          "mocha": "^5.0.0",
          "rollup-plugin-babel": "^3.0.3",
          "rollup-plugin-replace": "2.0.0",
          "rollup-plugin-uglify": "^3.0.0",
      },
      "dependencies": {
          "lodash": "^4.17.5"
      }
  }

yarn manifest: 
  No manifest

Lockfile: 
  # THIS IS AN AUTOGENERATED FILE. DO NOT EDIT THIS FILE DIRECTLY.
  # yarn lockfile v1
  
  
  "@types/lodash@^4.14.110":
    version "4.14.110"
    resolved "https://registry.npmjs.org/@types/lodash/-/lodash-4.14.110.tgz#fb07498f84152947f30ea09d89207ca07123461e"
  
  assertion-error@^1.0.1:
    version "1.1.0"
    resolved "http://r.cnpmjs.org/assertion-error/download/assertion-error-1.1.0.tgz#e60b6b0e8f301bd97e5375215bda406c85118c0b"
  
  balanced-match@^1.0.0:
    version "1.0.0"
    resolved "http://r.cnpmjs.org/balanced-match/download/balanced-match-1.0.0.tgz#89b4d199ab2bee49de164ea02b89ce462d71b767"
  
  brace-expansion@^1.1.7:
    version "1.1.8"
    resolved "http://r.cnpmjs.org/brace-expansion/download/brace-expansion-1.1.8.tgz#c07b211c7c952ec1f8efd51a77ef0d1d3990a292"
    dependencies:
      balanced-match "^1.0.0"
      concat-map "0.0.1"
  
  browser-stdout@1.3.0:
    version "1.3.0"
    resolved "http://r.cnpmjs.org/browser-stdout/download/browser-stdout-1.3.0.tgz#f351d32969d32fa5d7a5567154263d928ae3bd1f"
  
  chai@^4.1.2:
    version "4.1.2"
    resolved "http://r.cnpmjs.org/chai/download/chai-4.1.2.tgz#0f64584ba642f0f2ace2806279f4f06ca23ad73c"
    dependencies:
      assertion-error "^1.0.1"
      check-error "^1.0.1"
      deep-eql "^3.0.0"
      get-func-name "^2.0.0"
      pathval "^1.0.0"
      type-detect "^4.0.0"
  
  check-error@^1.0.1:
    version "1.0.2"
    resolved "http://r.cnpmjs.org/check-error/download/check-error-1.0.2.tgz#574d312edd88bb5dd8912e9286dd6c0aed4aac82"
  
  commander@2.11.0:
    version "2.11.0"
    resolved "http://r.cnpmjs.org/commander/download/commander-2.11.0.tgz#157152fd1e7a6c8d98a5b715cf376df928004563"
  
  concat-map@0.0.1:
    version "0.0.1"
    resolved "http://r.cnpmjs.org/concat-map/download/concat-map-0.0.1.tgz#d8a96bd77fd68df7793a73036a3ba0d5405d477b"
  
  debug@3.1.0:
    version "3.1.0"
    resolved "http://r.cnpmjs.org/debug/download/debug-3.1.0.tgz#5bb5a0672628b64149566ba16819e61518c67261"
    dependencies:
      ms "2.0.0"
  
  deep-eql@^3.0.0:
    version "3.0.1"
    resolved "http://r.cnpmjs.org/deep-eql/download/deep-eql-3.0.1.tgz#dfc9404400ad1c8fe023e7da1df1c147c4b444df"
    dependencies:
      type-detect "^4.0.0"
  
  diff@3.3.1:
    version "3.3.1"
    resolved "http://r.cnpmjs.org/diff/download/diff-3.3.1.tgz#aa8567a6eed03c531fc89d3f711cd0e5259dec75"
  
  escape-string-regexp@1.0.5:
    version "1.0.5"
    resolved "http://r.cnpmjs.org/escape-string-regexp/download/escape-string-regexp-1.0.5.tgz#1b61c0562190a8dff6ae3bb2cf0200ca130b86d4"
  
  fs.realpath@^1.0.0:
    version "1.0.0"
    resolved "http://r.cnpmjs.org/fs.realpath/download/fs.realpath-1.0.0.tgz#1504ad2523158caa40db4a2787cb01411994ea4f"
  
  get-func-name@^2.0.0:
    version "2.0.0"
    resolved "http://r.cnpmjs.org/get-func-name/download/get-func-name-2.0.0.tgz#ead774abee72e20409433a066366023dd6887a41"
  
  glob@7.1.2:
    version "7.1.2"
    resolved "http://r.cnpmjs.org/glob/download/glob-7.1.2.tgz#c19c9df9a028702d678612384a6552404c636d15"
    dependencies:
      fs.realpath "^1.0.0"
      inflight "^1.0.4"
      inherits "2"
      minimatch "^3.0.4"
      once "^1.3.0"
      path-is-absolute "^1.0.0"
  
  growl@1.10.3:
    version "1.10.3"
    resolved "http://r.cnpmjs.org/growl/download/growl-1.10.3.tgz#1926ba90cf3edfe2adb4927f5880bc22c66c790f"
  
  has-flag@^2.0.0:
    version "2.0.0"
    resolved "http://r.cnpmjs.org/has-flag/download/has-flag-2.0.0.tgz#e8207af1cc7b30d446cc70b734b5e8be18f88d51"
  
  he@1.1.1:
    version "1.1.1"
    resolved "http://r.cnpmjs.org/he/download/he-1.1.1.tgz#93410fd21b009735151f8868c2f271f3427e23fd"
  
  inflight@^1.0.4:
    version "1.0.6"
    resolved "http://r.cnpmjs.org/inflight/download/inflight-1.0.6.tgz#49bd6331d7d02d0c09bc910a1075ba8165b56df9"
    dependencies:
      once "^1.3.0"
      wrappy "1"
  
  inherits@2:
    version "2.0.3"
    resolved "http://r.cnpmjs.org/inherits/download/inherits-2.0.3.tgz#633c2c83e3da42a502f52466022480f4208261de"
  
  lodash@^4.17.5:
    version "4.17.5"
    resolved "http://registry.npm.taobao.org/lodash/download/lodash-4.17.5.tgz#99a92d65c0272debe8c96b6057bc8fbfa3bed511"
  
  minimatch@^3.0.4:
    version "3.0.4"
    resolved "http://r.cnpmjs.org/minimatch/download/minimatch-3.0.4.tgz#5166e286457f03306064be5497e8dbb0c3d32083"
    dependencies:
      brace-expansion "^1.1.7"
  
  minimist@0.0.8:
    version "0.0.8"
    resolved "http://r.cnpmjs.org/minimist/download/minimist-0.0.8.tgz#857fcabfc3397d2625b8228262e86aa7a011b05d"
  
  mkdirp@0.5.1:
    version "0.5.1"
    resolved "http://r.cnpmjs.org/mkdirp/download/mkdirp-0.5.1.tgz#30057438eac6cf7f8c4767f38648d6697d75c903"
    dependencies:
      minimist "0.0.8"
  
  mocha@^5.0.0:
    version "5.0.0"
    resolved "http://r.cnpmjs.org/mocha/download/mocha-5.0.0.tgz#cccac988b0bc5477119cba0e43de7af6d6ad8f4e"
    dependencies:
      browser-stdout "1.3.0"
      commander "2.11.0"
      debug "3.1.0"
      diff "3.3.1"
      escape-string-regexp "1.0.5"
      glob "7.1.2"
      growl "1.10.3"
      he "1.1.1"
      mkdirp "0.5.1"
      supports-color "4.4.0"
  
  ms@2.0.0:
    version "2.0.0"
    resolved "http://r.cnpmjs.org/ms/download/ms-2.0.0.tgz#5608aeadfc00be6c2901df5f9861788de0d597c8"
  
  once@^1.3.0:
    version "1.4.0"
    resolved "http://r.cnpmjs.org/once/download/once-1.4.0.tgz#583b1aa775961d4b113ac17d9c50baef9dd76bd1"
    dependencies:
      wrappy "1"
  
  path-is-absolute@^1.0.0:
    version "1.0.1"
    resolved "http://r.cnpmjs.org/path-is-absolute/download/path-is-absolute-1.0.1.tgz#174b9268735534ffbc7ace6bf53a5a9e1b5c5f5f"
  
  pathval@^1.0.0:
    version "1.1.0"
    resolved "http://r.cnpmjs.org/pathval/download/pathval-1.1.0.tgz#b942e6d4bde653005ef6b71361def8727d0645e0"
  
  supports-color@4.4.0:
    version "4.4.0"
    resolved "http://r.cnpmjs.org/supports-color/download/supports-color-4.4.0.tgz#883f7ddabc165142b2a61427f3352ded195d1a3e"
    dependencies:
      has-flag "^2.0.0"
  
  type-detect@^4.0.0:
    version "4.0.8"
    resolved "http://r.cnpmjs.org/type-detect/download/type-detect-4.0.8.tgz#7646fb5f18871cfbb7749e69bd39a6388eb7450c"
  
  wrappy@1:
    version "1.0.2"
    resolved "http://r.cnpmjs.org/wrappy/download/wrappy-1.0.2.tgz#b5243d8f3ec1aa35f1364605bc0d1036e30ab69f"

Trace: 
  SyntaxError: /Users/jinchenhao/Documents/codes/self/ipa/package.json: Unexpected token } in JSON at position 911
      at JSON.parse (<anonymous>)
      at /Users/jinchenhao/.yarn/lib/cli.js:1036:59
      at Generator.next (<anonymous>)
      at step (/Users/jinchenhao/.yarn/lib/cli.js:98:30)
      at /Users/jinchenhao/.yarn/lib/cli.js:109:13
      at <anonymous>
